[2026-02-01 22:42:19][INFO]: Start aplication....
[2026-02-01 22:42:46][INFO]: Start aplication....
[2026-02-01 22:42:46][INFO]: Application started successfully.
[2026-02-01 22:42:52][INFO]: Shutting down application.
[2026-02-01 22:43:52][INFO]: Start aplication....
[2026-02-01 22:44:28][INFO]: Start aplication....
[2026-02-02 09:01:29][INFO]: Start aplication....
[2026-02-02 09:01:53][INFO]: select pg_catalog.version()
[2026-02-02 09:01:53][INFO]: [raw sql] ()
[2026-02-02 09:01:53][INFO]: select current_schema()
[2026-02-02 09:01:53][INFO]: [raw sql] ()
[2026-02-02 09:01:53][INFO]: show standard_conforming_strings
[2026-02-02 09:01:53][INFO]: [raw sql] ()
[2026-02-02 09:01:53][INFO]: BEGIN (implicit)
[2026-02-02 09:01:53][INFO]: INSERT INTO chats (title) VALUES ($1::VARCHAR) RETURNING chats.id, chats.created_at
[2026-02-02 09:01:53][INFO]: [generated in 0.00092s] ('Cool Chat',)
[2026-02-02 09:01:53][INFO]: COMMIT
[2026-02-02 09:01:53][INFO]: BEGIN (implicit)
[2026-02-02 09:01:53][INFO]: SELECT chats.id, chats.title, chats.created_at 
FROM chats 
WHERE chats.id = $1::INTEGER
[2026-02-02 09:01:53][INFO]: [generated in 0.00116s] (1,)
[2026-02-02 09:01:53][INFO]: SELECT messages.id AS messages_id, messages.chat_id AS messages_chat_id, messages.text AS messages_text, messages.created_at AS messages_created_at 
FROM messages 
WHERE $1::INTEGER = messages.chat_id ORDER BY messages.created_at DESC
[2026-02-02 09:01:53][INFO]: [generated in 0.00097s] (1,)
[2026-02-02 09:01:53][INFO]: ROLLBACK
[2026-02-02 09:02:23][INFO]: BEGIN (implicit)
[2026-02-02 09:02:23][INFO]: SELECT chats.id AS chats_id, chats.title AS chats_title, chats.created_at AS chats_created_at 
FROM chats 
WHERE chats.id = $1::INTEGER
[2026-02-02 09:02:23][INFO]: [generated in 0.00157s] (1,)
[2026-02-02 09:02:23][INFO]: SELECT messages.chat_id AS messages_chat_id, messages.id AS messages_id, messages.text AS messages_text, messages.created_at AS messages_created_at, chats_1.id AS chats_1_id, chats_1.title AS chats_1_title, chats_1.created_at AS chats_1_created_at 
FROM messages LEFT OUTER JOIN chats AS chats_1 ON chats_1.id = messages.chat_id 
WHERE messages.chat_id IN ($1::INTEGER) ORDER BY messages.created_at DESC
[2026-02-02 09:02:23][INFO]: [generated in 0.00121s] (1,)
[2026-02-02 09:02:23][INFO]: INSERT INTO messages (chat_id, text) VALUES ($1::INTEGER, $2::VARCHAR) RETURNING messages.id, messages.created_at
[2026-02-02 09:02:23][INFO]: [generated in 0.00069s] (1, 'Text Msg')
[2026-02-02 09:02:23][INFO]: COMMIT
[2026-02-02 09:02:23][INFO]: BEGIN (implicit)
[2026-02-02 09:02:23][INFO]: SELECT messages.id, messages.chat_id, messages.text, messages.created_at, chats_1.id AS id_1, chats_1.title, chats_1.created_at AS created_at_1 
FROM messages LEFT OUTER JOIN chats AS chats_1 ON chats_1.id = messages.chat_id 
WHERE messages.id = $1::INTEGER
[2026-02-02 09:02:23][INFO]: [generated in 0.00085s] (1,)
[2026-02-02 09:02:23][INFO]: ROLLBACK
